0 info it worked if it ends with ok
1 verbose cli [ '/usr/local/bin/node',
1 verbose cli   '/usr/local/bin/npm',
1 verbose cli   'install',
1 verbose cli   '-g',
1 verbose cli   'phonegap' ]
2 info using npm@2.14.12
3 info using node@v4.2.6
4 verbose install initial load of /usr/local/lib/package.json
5 verbose readDependencies loading dependencies from /usr/local/lib/package.json
6 silly cache add args [ 'phonegap', null ]
7 verbose cache add spec phonegap
8 silly cache add parsed spec Result {
8 silly cache add   raw: 'phonegap',
8 silly cache add   scope: null,
8 silly cache add   name: 'phonegap',
8 silly cache add   rawSpec: '',
8 silly cache add   spec: 'latest',
8 silly cache add   type: 'tag' }
9 silly addNamed phonegap@latest
10 verbose addNamed "latest" is being treated as a dist-tag for phonegap
11 info addNameTag [ 'phonegap', 'latest' ]
12 silly mapToRegistry name phonegap
13 silly mapToRegistry using default registry
14 silly mapToRegistry registry https://registry.npmjs.org/
15 silly mapToRegistry uri https://registry.npmjs.org/phonegap
16 verbose addNameTag registry:https://registry.npmjs.org/phonegap not in flight; fetching
17 verbose request uri https://registry.npmjs.org/phonegap
18 verbose request no auth needed
19 info attempt registry request try #1 at 2:14:49 PM
20 verbose request id 9e857d352611cab7
21 http request GET https://registry.npmjs.org/phonegap
22 http 200 https://registry.npmjs.org/phonegap
23 verbose headers { server: 'CouchDB/1.5.0 (Erlang OTP/R16B03)',
23 verbose headers   etag: '"A0UFIU12SNJNEK60GVBLWTU76"',
23 verbose headers   'content-type': 'application/json',
23 verbose headers   'cache-control': 'max-age=300',
23 verbose headers   'content-length': '269303',
23 verbose headers   'accept-ranges': 'bytes',
23 verbose headers   date: 'Tue, 09 Feb 2016 20:14:52 GMT',
23 verbose headers   via: '1.1 varnish',
23 verbose headers   age: '291',
23 verbose headers   connection: 'keep-alive',
23 verbose headers   'x-served-by': 'cache-dfw1824-DFW',
23 verbose headers   'x-cache': 'HIT',
23 verbose headers   'x-cache-hits': '1',
23 verbose headers   'x-timer': 'S1455048892.408732,VS0,VE0',
23 verbose headers   vary: 'Accept' }
24 silly get cb [ 200,
24 silly get   { server: 'CouchDB/1.5.0 (Erlang OTP/R16B03)',
24 silly get     etag: '"A0UFIU12SNJNEK60GVBLWTU76"',
24 silly get     'content-type': 'application/json',
24 silly get     'cache-control': 'max-age=300',
24 silly get     'content-length': '269303',
24 silly get     'accept-ranges': 'bytes',
24 silly get     date: 'Tue, 09 Feb 2016 20:14:52 GMT',
24 silly get     via: '1.1 varnish',
24 silly get     age: '291',
24 silly get     connection: 'keep-alive',
24 silly get     'x-served-by': 'cache-dfw1824-DFW',
24 silly get     'x-cache': 'HIT',
24 silly get     'x-cache-hits': '1',
24 silly get     'x-timer': 'S1455048892.408732,VS0,VE0',
24 silly get     vary: 'Accept' } ]
25 verbose get saving phonegap to /Users/sairajboddupally/.npm/registry.npmjs.org/phonegap/.cache.json
26 silly addNameTag next cb for phonegap with tag latest
27 silly addNamed phonegap@5.5.0
28 verbose addNamed "5.5.0" is a plain semver version for phonegap
29 silly mapToRegistry name phonegap
30 silly mapToRegistry using default registry
31 silly mapToRegistry registry https://registry.npmjs.org/
32 silly mapToRegistry uri https://registry.npmjs.org/phonegap
33 verbose addRemoteTarball https://registry.npmjs.org/phonegap/-/phonegap-5.5.0.tgz not in flight; adding
34 verbose addRemoteTarball [ 'https://registry.npmjs.org/phonegap/-/phonegap-5.5.0.tgz',
34 verbose addRemoteTarball   '34e119eaebecb9eb5dea7b44d53d4cfdff57e61d' ]
35 info retry fetch attempt 1 at 2:14:55 PM
36 info attempt registry request try #1 at 2:14:55 PM
37 http fetch GET https://registry.npmjs.org/phonegap/-/phonegap-5.5.0.tgz
38 http fetch 200 https://registry.npmjs.org/phonegap/-/phonegap-5.5.0.tgz
39 silly fetchAndShaCheck shasum 34e119eaebecb9eb5dea7b44d53d4cfdff57e61d
40 verbose addTmpTarball /var/folders/95/7bcrtzqn7hs9y512dpqg2vn80000gn/T/npm-20748-b7a79866/registry.npmjs.org/phonegap/-/phonegap-5.5.0.tgz not in flight; adding
41 verbose addTmpTarball already have metadata; skipping unpack for phonegap@5.5.0
42 silly cache afterAdd phonegap@5.5.0
43 verbose afterAdd /Users/sairajboddupally/.npm/phonegap/5.5.0/package/package.json not in flight; writing
44 verbose afterAdd /Users/sairajboddupally/.npm/phonegap/5.5.0/package/package.json written
45 silly install resolved [ { name: 'phonegap',
45 silly install resolved     description: 'PhoneGap command-line interface and node.js library.',
45 silly install resolved     version: '5.5.0',
45 silly install resolved     homepage: 'http://github.com/phonegap/phonegap-cli',
45 silly install resolved     repository:
45 silly install resolved      { type: 'git',
45 silly install resolved        url: 'git://github.com/phonegap/phonegap-cli.git' },
45 silly install resolved     keywords:
45 silly install resolved      [ 'cli',
45 silly install resolved        'cordova',
45 silly install resolved        'phonegap',
45 silly install resolved        'phonegap build',
45 silly install resolved        'phonegap/build' ],
45 silly install resolved     preferGlobal: 'true',
45 silly install resolved     main: './lib/main.js',
45 silly install resolved     bin: { phonegap: './bin/phonegap.js' },
45 silly install resolved     scripts: { test: 'node node_modules/jasmine-node/bin/jasmine-node --color spec' },
45 silly install resolved     engineStrict: 'true',
45 silly install resolved     engines: { node: '>=0.10.0' },
45 silly install resolved     dependencies:
45 silly install resolved      { colors: '0.6.0-1',
45 silly install resolved        'connect-phonegap': '0.19.0',
45 silly install resolved        cordova: '5.4.1',
45 silly install resolved        minimist: '0.1.0',
45 silly install resolved        'phonegap-build': '0.10.0',
45 silly install resolved        pluralize: '0.0.4',
45 silly install resolved        prompt: '0.2.11',
45 silly install resolved        'qrcode-terminal': '0.9.4',
45 silly install resolved        semver: '1.1.0',
45 silly install resolved        shelljs: '0.1.4' },
45 silly install resolved     devDependencies: { 'jasmine-node': '1.14.5', chdir: '0.0.x' },
45 silly install resolved     optionalDependencies: {},
45 silly install resolved     contributors: [ [Object], [Object], [Object], [Object], [Object], [Object] ],
45 silly install resolved     templates:
45 silly install resolved      { blank: [Object],
45 silly install resolved        'hello-world': [Object],
45 silly install resolved        'hello-cordova': [Object],
45 silly install resolved        'jquery-mobile-starter': [Object],
45 silly install resolved        'phonegap-template-framework7': [Object] },
45 silly install resolved     gitHead: '9c95bf1be4ed5325451550cbd72d39ac0fdbe5fb',
45 silly install resolved     bugs: { url: 'https://github.com/phonegap/phonegap-cli/issues' },
45 silly install resolved     _id: 'phonegap@5.5.0',
45 silly install resolved     _shasum: '34e119eaebecb9eb5dea7b44d53d4cfdff57e61d',
45 silly install resolved     _from: 'phonegap@latest',
45 silly install resolved     _npmVersion: '3.3.12',
45 silly install resolved     _nodeVersion: '5.5.0',
45 silly install resolved     _npmUser: { name: 'mwbrooks', email: 'michael@michaelbrooks.ca' },
45 silly install resolved     dist:
45 silly install resolved      { shasum: '34e119eaebecb9eb5dea7b44d53d4cfdff57e61d',
45 silly install resolved        tarball: 'http://registry.npmjs.org/phonegap/-/phonegap-5.5.0.tgz' },
45 silly install resolved     maintainers: [ [Object], [Object], [Object], [Object] ],
45 silly install resolved     _npmOperationalInternal:
45 silly install resolved      { host: 'packages-9-west.internal.npmjs.com',
45 silly install resolved        tmp: 'tmp/phonegap-5.5.0.tgz_1454634893006_0.662510153837502' },
45 silly install resolved     directories: {},
45 silly install resolved     _resolved: 'https://registry.npmjs.org/phonegap/-/phonegap-5.5.0.tgz' } ]
46 info install phonegap@5.5.0 into /usr/local/lib
47 info installOne phonegap@5.5.0
48 verbose installOne of phonegap to /usr/local/lib not in flight; installing
49 verbose lock using /Users/sairajboddupally/.npm/_locks/phonegap-e2bb9ce47409f16e.lock for /usr/local/lib/node_modules/phonegap
50 silly install write writing phonegap 5.5.0 to /usr/local/lib/node_modules/phonegap
51 verbose unbuild lib/node_modules/phonegap
52 silly gentlyRm /usr/local/lib/node_modules/phonegap is being purged from base /usr/local
53 verbose gentlyRm don't care about contents; nuking /usr/local/lib/node_modules/phonegap
54 verbose tar unpack /Users/sairajboddupally/.npm/phonegap/5.5.0/package.tgz
55 verbose tar unpacking to /usr/local/lib/node_modules/phonegap
56 silly gentlyRm /usr/local/lib/node_modules/phonegap is being purged
57 verbose gentlyRm don't care about contents; nuking /usr/local/lib/node_modules/phonegap
58 silly gunzTarPerm modes [ '755', '644' ]
59 error tar.unpack untar error /Users/sairajboddupally/.npm/phonegap/5.5.0/package.tgz
60 verbose unlock done using /Users/sairajboddupally/.npm/_locks/phonegap-e2bb9ce47409f16e.lock for /usr/local/lib/node_modules/phonegap
61 verbose fstream_path /usr/local/lib/node_modules/phonegap
62 verbose fstream_type Directory
63 verbose fstream_class DirWriter
64 verbose stack Error: EACCES: permission denied, mkdir '/usr/local/lib/node_modules/phonegap'
64 verbose stack     at Error (native)
65 verbose fstream_stack /usr/local/lib/node_modules/npm/node_modules/fstream/lib/dir-writer.js:35:25
65 verbose fstream_stack /usr/local/lib/node_modules/npm/node_modules/mkdirp/index.js:47:53
65 verbose fstream_stack FSReqWrap.oncomplete (fs.js:82:15)
66 verbose cwd /Users/sairajboddupally/Documents/nextrowApp/nextApp
67 error Darwin 15.3.0
68 error argv "/usr/local/bin/node" "/usr/local/bin/npm" "install" "-g" "phonegap"
69 error node v4.2.6
70 error npm  v2.14.12
71 error path /usr/local/lib/node_modules/phonegap
72 error code EACCES
73 error errno -13
74 error syscall mkdir
75 error Error: EACCES: permission denied, mkdir '/usr/local/lib/node_modules/phonegap'
75 error     at Error (native)
75 error  { [Error: EACCES: permission denied, mkdir '/usr/local/lib/node_modules/phonegap']
75 error   errno: -13,
75 error   code: 'EACCES',
75 error   syscall: 'mkdir',
75 error   path: '/usr/local/lib/node_modules/phonegap',
75 error   fstream_type: 'Directory',
75 error   fstream_path: '/usr/local/lib/node_modules/phonegap',
75 error   fstream_class: 'DirWriter',
75 error   fstream_stack:
75 error    [ '/usr/local/lib/node_modules/npm/node_modules/fstream/lib/dir-writer.js:35:25',
75 error      '/usr/local/lib/node_modules/npm/node_modules/mkdirp/index.js:47:53',
75 error      'FSReqWrap.oncomplete (fs.js:82:15)' ] }
76 error Please try running this command again as root/Administrator.
77 verbose exit [ -13, true ]
78 verbose unbuild lib/node_modules/phonegap
79 silly gentlyRm /usr/local/lib/node_modules/phonegap is being purged from base /usr/local
80 verbose gentlyRm don't care about contents; nuking /usr/local/lib/node_modules/phonegap
